<?xml version="1.0" encoding="UTF-8"?>
<!-- Generated by org.testng.reporters.JUnitXMLReporter -->
<testsuite hostname="HOME" ignored="0" name="TestArithemetic" tests="21" failures="0" timestamp="2020-12-03T20:52:15 IST" time="0.093" errors="0">
  <testcase name="LogIn" time="0.0" classname="com.softhinkers.testngdependents.DependsOnGroups"/>
  <testcase name="OpenBrowser" time="0.0" classname="com.softhinkers.testngdependents.DependsOnMethod"/>
  <testcase name="OpenBrowser" time="0.0" classname="com.softhinkers.testngdependents.DependsOnTest"/>
  <testcase name="SignIn" time="0.0" classname="com.softhinkers.testngdependents.DependsOnMethod"/>
  <testcase name="SignIn" time="0.0" classname="com.softhinkers.testngdependents.DependsOnTest"/>
  <testcase name="LogOut" time="0.0" classname="com.softhinkers.testngdependents.DependsOnTest"/>
  <testcase name="TestDivisionFloat" time="0.0" classname="com.softhinkers.division.TestDivision"/>
  <testcase name="TestDivisionInt" time="0.0" classname="com.softhinkers.division.TestDivision"/>
  <testcase name="TestMultiplicationFloat" time="0.0" classname="com.softhinkers.multiplication.TestMultiplication"/>
  <testcase name="TestMultiplicationInt" time="0.0" classname="com.softhinkers.multiplication.TestMultiplication"/>
  <testcase name="TestSubstractionFloat" time="0.0" classname="com.softhinkers.substraction.TestSubstraction"/>
  <testcase name="TestSubstractionInt" time="0.0" classname="com.softhinkers.substraction.TestSubstraction"/>
  <testcase name="ViewAcc" time="0.0" classname="com.softhinkers.testngdependents.DependsOnGroups"/>
  <testcase name="c_method" time="0.0" classname="com.softhinkers.testcasespriorities.TestCasesPriorities"/>
  <testcase name="d_method" time="0.0" classname="com.softhinkers.testcasespriorities.TestCasesPriorities"/>
  <testcase name="testAdditionFloat" time="0.0" classname="com.softhinkers.addition.TestAddition"/>
  <testcase name="testAdditionInt" time="0.0" classname="com.softhinkers.addition.TestAddition"/>
  <testcase name="testCase1" time="0.0" classname="com.softhinkers.annotations.TestngAnnotations"/>
  <testcase name="a_method" time="0.0" classname="com.softhinkers.testcasespriorities.TestCasesPriorities"/>
  <testcase name="b_method" time="0.0" classname="com.softhinkers.testcasespriorities.TestCasesPriorities"/>
  <testcase name="e_Method" time="0.0" classname="com.softhinkers.testcasespriorities.TestCasesPriorities"/>
</testsuite> <!-- TestArithemetic -->
