<?xml version="1.0" encoding="UTF-8"?>
<!-- Generated by org.testng.reporters.JUnitXMLReporter -->
<testsuite hostname="HOME" ignored="0" name="TestArithemetic" tests="8" failures="0" timestamp="2020-11-25T19:46:45 IST" time="0.219" errors="0">
  <testcase name="testAdditionFloat" time="0.032" classname="com.softhinkers.addition.TestAddition"/>
  <testcase name="testAdditionInt" time="0.0" classname="com.softhinkers.addition.TestAddition"/>
  <testcase name="TestDivisionFloat" time="0.0" classname="com.softhinkers.division.TestDivision"/>
  <testcase name="TestDivisionInt" time="0.0" classname="com.softhinkers.division.TestDivision"/>
  <testcase name="TestMultiplicationFloat" time="0.0" classname="com.softhinkers.multiplication.TestMultiplication"/>
  <testcase name="TestMultiplicationInt" time="0.0" classname="com.softhinkers.multiplication.TestMultiplication"/>
  <testcase name="TestSubstractionFloat" time="0.0" classname="com.softhinkers.substraction.TestSubstraction"/>
  <testcase name="TestSubstractionInt" time="0.0" classname="com.softhinkers.substraction.TestSubstraction"/>
</testsuite> <!-- TestArithemetic -->
