<?xml version="1.0" encoding="UTF-8"?>
<!-- Generated by org.testng.reporters.JUnitXMLReporter -->
<testsuite hostname="HOME" ignored="0" name="ToolsQA" tests="4" failures="0" timestamp="2020-12-03T20:52:15 IST" time="0.0" errors="0">
  <testcase name="OpenBrowser" time="0.0" classname="com.softhinkers.testngdependents.GroupDependsXml"/>
  <testcase name="LogIn" time="0.0" classname="com.softhinkers.testngdependents.GroupDependsXml"/>
  <testcase name="ViewAcc" time="0.0" classname="com.softhinkers.testngdependents.GroupDependsXml"/>
  <testcase name="CloseAccount" time="0.0" classname="com.softhinkers.testngdependents.GroupDependsXml"/>
</testsuite> <!-- ToolsQA -->
