<?xml version="1.0" encoding="UTF-8"?>
<testng-results skipped="0" failed="0" ignored="0" total="9" passed="9">
  <reporter-output>
  </reporter-output>
  <suite name="ArithemeticOperation" duration-ms="227" started-at="2020-12-03T19:58:44 IST" finished-at="2020-12-03T19:58:44 IST">
    <groups>
    </groups>
    <test name="TestArithemetic" duration-ms="227" started-at="2020-12-03T19:58:44 IST" finished-at="2020-12-03T19:58:44 IST">
      <class name="com.softhinkers.substraction.TestSubstraction">
        <test-method status="PASS" signature="TestSubstractionFloat()[pri:0, instance:com.softhinkers.substraction.TestSubstraction@21bcffb5]" name="TestSubstractionFloat" duration-ms="1" started-at="2020-12-03T19:58:44 IST" finished-at="2020-12-03T19:58:44 IST">
          <reporter-output>
          </reporter-output>
        </test-method> <!-- TestSubstractionFloat -->
        <test-method status="PASS" signature="TestSubstractionInt()[pri:0, instance:com.softhinkers.substraction.TestSubstraction@21bcffb5]" name="TestSubstractionInt" duration-ms="7" started-at="2020-12-03T19:58:44 IST" finished-at="2020-12-03T19:58:44 IST">
          <reporter-output>
          </reporter-output>
        </test-method> <!-- TestSubstractionInt -->
      </class> <!-- com.softhinkers.substraction.TestSubstraction -->
      <class name="com.softhinkers.division.TestDivision">
        <test-method status="PASS" signature="TestDivisionFloat()[pri:0, instance:com.softhinkers.division.TestDivision@3d8c7aca]" name="TestDivisionFloat" duration-ms="1" started-at="2020-12-03T19:58:44 IST" finished-at="2020-12-03T19:58:44 IST">
          <reporter-output>
          </reporter-output>
        </test-method> <!-- TestDivisionFloat -->
        <test-method status="PASS" signature="TestDivisionInt()[pri:0, instance:com.softhinkers.division.TestDivision@3d8c7aca]" name="TestDivisionInt" duration-ms="1" started-at="2020-12-03T19:58:44 IST" finished-at="2020-12-03T19:58:44 IST">
          <reporter-output>
          </reporter-output>
        </test-method> <!-- TestDivisionInt -->
      </class> <!-- com.softhinkers.division.TestDivision -->
      <class name="com.softhinkers.annotations.TestngAnnotations">
        <test-method status="PASS" signature="beforeSuit()[pri:0, instance:com.softhinkers.annotations.TestngAnnotations@3498ed]" name="beforeSuit" is-config="true" duration-ms="32" started-at="2020-12-03T19:58:44 IST" finished-at="2020-12-03T19:58:44 IST">
          <reporter-output>
          </reporter-output>
        </test-method> <!-- beforeSuit -->
        <test-method status="PASS" signature="beforeTest()[pri:0, instance:com.softhinkers.annotations.TestngAnnotations@3498ed]" name="beforeTest" is-config="true" duration-ms="0" started-at="2020-12-03T19:58:44 IST" finished-at="2020-12-03T19:58:44 IST">
          <reporter-output>
          </reporter-output>
        </test-method> <!-- beforeTest -->
        <test-method status="PASS" signature="beforeClass()[pri:0, instance:com.softhinkers.annotations.TestngAnnotations@3498ed]" name="beforeClass" is-config="true" duration-ms="3" started-at="2020-12-03T19:58:44 IST" finished-at="2020-12-03T19:58:44 IST">
          <reporter-output>
          </reporter-output>
        </test-method> <!-- beforeClass -->
        <test-method status="PASS" signature="beforeMethod()[pri:0, instance:com.softhinkers.annotations.TestngAnnotations@3498ed]" name="beforeMethod" is-config="true" duration-ms="1" started-at="2020-12-03T19:58:44 IST" finished-at="2020-12-03T19:58:44 IST">
          <reporter-output>
          </reporter-output>
        </test-method> <!-- beforeMethod -->
        <test-method status="PASS" signature="testCase1()[pri:0, instance:com.softhinkers.annotations.TestngAnnotations@3498ed]" name="testCase1" duration-ms="1" started-at="2020-12-03T19:58:44 IST" finished-at="2020-12-03T19:58:44 IST">
          <reporter-output>
          </reporter-output>
        </test-method> <!-- testCase1 -->
        <test-method status="PASS" signature="afterMethod()[pri:0, instance:com.softhinkers.annotations.TestngAnnotations@3498ed]" name="afterMethod" is-config="true" duration-ms="0" started-at="2020-12-03T19:58:44 IST" finished-at="2020-12-03T19:58:44 IST">
          <reporter-output>
          </reporter-output>
        </test-method> <!-- afterMethod -->
        <test-method status="PASS" signature="afterTest()[pri:0, instance:com.softhinkers.annotations.TestngAnnotations@3498ed]" name="afterTest" is-config="true" duration-ms="0" started-at="2020-12-03T19:58:44 IST" finished-at="2020-12-03T19:58:44 IST">
          <reporter-output>
          </reporter-output>
        </test-method> <!-- afterTest -->
        <test-method status="PASS" signature="afterClass()[pri:0, instance:com.softhinkers.annotations.TestngAnnotations@3498ed]" name="afterClass" is-config="true" duration-ms="0" started-at="2020-12-03T19:58:44 IST" finished-at="2020-12-03T19:58:44 IST">
          <reporter-output>
          </reporter-output>
        </test-method> <!-- afterClass -->
        <test-method status="PASS" signature="afterSuit()[pri:0, instance:com.softhinkers.annotations.TestngAnnotations@3498ed]" name="afterSuit" is-config="true" duration-ms="1" started-at="2020-12-03T19:58:44 IST" finished-at="2020-12-03T19:58:44 IST">
          <reporter-output>
          </reporter-output>
        </test-method> <!-- afterSuit -->
      </class> <!-- com.softhinkers.annotations.TestngAnnotations -->
      <class name="com.softhinkers.multiplication.TestMultiplication">
        <test-method status="PASS" signature="TestMultiplicationFloat()[pri:0, instance:com.softhinkers.multiplication.TestMultiplication@5ebec15]" name="TestMultiplicationFloat" duration-ms="0" started-at="2020-12-03T19:58:44 IST" finished-at="2020-12-03T19:58:44 IST">
          <reporter-output>
          </reporter-output>
        </test-method> <!-- TestMultiplicationFloat -->
        <test-method status="PASS" signature="TestMultiplicationInt()[pri:0, instance:com.softhinkers.multiplication.TestMultiplication@5ebec15]" name="TestMultiplicationInt" duration-ms="0" started-at="2020-12-03T19:58:44 IST" finished-at="2020-12-03T19:58:44 IST">
          <reporter-output>
          </reporter-output>
        </test-method> <!-- TestMultiplicationInt -->
      </class> <!-- com.softhinkers.multiplication.TestMultiplication -->
      <class name="com.softhinkers.addition.TestAddition">
        <test-method status="PASS" signature="testAdditionFloat()[pri:0, instance:com.softhinkers.addition.TestAddition@1a407d53]" name="testAdditionFloat" duration-ms="15" started-at="2020-12-03T19:58:44 IST" finished-at="2020-12-03T19:58:44 IST">
          <reporter-output>
          </reporter-output>
        </test-method> <!-- testAdditionFloat -->
        <test-method status="PASS" signature="testAdditionInt()[pri:0, instance:com.softhinkers.addition.TestAddition@1a407d53]" name="testAdditionInt" duration-ms="0" started-at="2020-12-03T19:58:44 IST" finished-at="2020-12-03T19:58:44 IST">
          <reporter-output>
          </reporter-output>
        </test-method> <!-- testAdditionInt -->
      </class> <!-- com.softhinkers.addition.TestAddition -->
    </test> <!-- TestArithemetic -->
  </suite> <!-- ArithemeticOperation -->
</testng-results>
